mode: atomic
github.com/hrygo/divinesense/cmd/schedule-agent-test/main.go:9.13,65.2 45 0
github.com/hrygo/divinesense/cmd/test-agent/main.go:17.13,34.16 7 0
github.com/hrygo/divinesense/cmd/test-agent/main.go:34.16,36.3 1 0
github.com/hrygo/divinesense/cmd/test-agent/main.go:39.2,44.28 4 0
github.com/hrygo/divinesense/cmd/test-agent/main.go:44.28,46.3 1 0
github.com/hrygo/divinesense/cmd/test-agent/main.go:48.2,56.16 3 0
github.com/hrygo/divinesense/cmd/test-agent/main.go:56.16,58.3 1 0
github.com/hrygo/divinesense/cmd/test-agent/main.go:61.2,70.16 7 0
github.com/hrygo/divinesense/cmd/test-agent/main.go:70.16,72.3 1 0
github.com/hrygo/divinesense/cmd/test-agent/main.go:75.2,106.29 7 0
github.com/hrygo/divinesense/cmd/test-agent/main.go:106.29,114.102 6 0
github.com/hrygo/divinesense/cmd/test-agent/main.go:114.102,115.21 1 0
github.com/hrygo/divinesense/cmd/test-agent/main.go:116.20,117.44 1 0
github.com/hrygo/divinesense/cmd/test-agent/main.go:118.20,119.41 1 0
github.com/hrygo/divinesense/cmd/test-agent/main.go:120.23,121.41 1 0
github.com/hrygo/divinesense/cmd/test-agent/main.go:122.28,123.46 1 0
github.com/hrygo/divinesense/cmd/test-agent/main.go:124.17,125.41 1 0
github.com/hrygo/divinesense/cmd/test-agent/main.go:128.3,130.17 2 0
github.com/hrygo/divinesense/cmd/test-agent/main.go:130.17,132.12 2 0
github.com/hrygo/divinesense/cmd/test-agent/main.go:135.3,137.66 3 0
github.com/hrygo/divinesense/cmd/test-agent/main.go:140.2,142.57 3 0
github.com/hrygo/divinesense/cmd/divinesense/main.go:28.43,41.53 3 0
github.com/hrygo/divinesense/cmd/divinesense/main.go:41.53,42.15 1 0
github.com/hrygo/divinesense/cmd/divinesense/main.go:45.4,47.18 3 0
github.com/hrygo/divinesense/cmd/divinesense/main.go:47.18,51.5 3 0
github.com/hrygo/divinesense/cmd/divinesense/main.go:53.4,54.53 2 0
github.com/hrygo/divinesense/cmd/divinesense/main.go:54.53,58.5 3 0
github.com/hrygo/divinesense/cmd/divinesense/main.go:60.4,61.18 2 0
github.com/hrygo/divinesense/cmd/divinesense/main.go:61.18,65.5 3 0
github.com/hrygo/divinesense/cmd/divinesense/main.go:67.4,73.39 3 0
github.com/hrygo/divinesense/cmd/divinesense/main.go:73.39,74.46 1 0
github.com/hrygo/divinesense/cmd/divinesense/main.go:74.46,77.6 2 0
github.com/hrygo/divinesense/cmd/divinesense/main.go:80.4,82.14 2 0
github.com/hrygo/divinesense/cmd/divinesense/main.go:82.14,86.5 3 0
github.com/hrygo/divinesense/cmd/divinesense/main.go:89.4,89.16 1 0
github.com/hrygo/divinesense/cmd/divinesense/main.go:94.13,108.90 12 0
github.com/hrygo/divinesense/cmd/divinesense/main.go:108.90,109.13 1 0
github.com/hrygo/divinesense/cmd/divinesense/main.go:111.2,111.90 1 0
github.com/hrygo/divinesense/cmd/divinesense/main.go:111.90,112.13 1 0
github.com/hrygo/divinesense/cmd/divinesense/main.go:114.2,114.90 1 0
github.com/hrygo/divinesense/cmd/divinesense/main.go:114.90,115.13 1 0
github.com/hrygo/divinesense/cmd/divinesense/main.go:117.2,117.100 1 0
github.com/hrygo/divinesense/cmd/divinesense/main.go:117.100,118.13 1 0
github.com/hrygo/divinesense/cmd/divinesense/main.go:120.2,120.90 1 0
github.com/hrygo/divinesense/cmd/divinesense/main.go:120.90,121.13 1 0
github.com/hrygo/divinesense/cmd/divinesense/main.go:123.2,123.94 1 0
github.com/hrygo/divinesense/cmd/divinesense/main.go:123.94,124.13 1 0
github.com/hrygo/divinesense/cmd/divinesense/main.go:126.2,126.88 1 0
github.com/hrygo/divinesense/cmd/divinesense/main.go:126.88,127.13 1 0
github.com/hrygo/divinesense/cmd/divinesense/main.go:129.2,129.106 1 0
github.com/hrygo/divinesense/cmd/divinesense/main.go:129.106,130.13 1 0
github.com/hrygo/divinesense/cmd/divinesense/main.go:133.2,140.67 4 0
github.com/hrygo/divinesense/cmd/divinesense/main.go:140.67,141.58 1 0
github.com/hrygo/divinesense/cmd/divinesense/main.go:141.58,142.14 1 0
github.com/hrygo/divinesense/cmd/divinesense/main.go:145.3,145.61 1 0
github.com/hrygo/divinesense/cmd/divinesense/main.go:145.61,146.14 1 0
github.com/hrygo/divinesense/cmd/divinesense/main.go:150.2,152.87 3 0
github.com/hrygo/divinesense/cmd/divinesense/main.go:155.47,158.21 2 0
github.com/hrygo/divinesense/cmd/divinesense/main.go:158.21,160.24 2 0
github.com/hrygo/divinesense/cmd/divinesense/main.go:160.24,162.4 1 0
github.com/hrygo/divinesense/cmd/divinesense/main.go:166.2,171.32 4 0
github.com/hrygo/divinesense/cmd/divinesense/main.go:171.32,172.29 1 0
github.com/hrygo/divinesense/cmd/divinesense/main.go:172.29,175.4 2 0
github.com/hrygo/divinesense/cmd/divinesense/main.go:175.9,178.4 2 0
github.com/hrygo/divinesense/cmd/divinesense/main.go:179.8,181.3 1 0
github.com/hrygo/divinesense/cmd/divinesense/main.go:183.2,186.37 4 0
github.com/hrygo/divinesense/cmd/divinesense/main.go:189.13,190.42 1 0
github.com/hrygo/divinesense/cmd/divinesense/main.go:190.42,191.13 1 0
github.com/hrygo/divinesense/internal/profile/profile.go:46.32,48.2 1 0
github.com/hrygo/divinesense/internal/profile/profile.go:51.38,53.2 1 6
github.com/hrygo/divinesense/internal/profile/profile.go:56.55,57.42 1 33
github.com/hrygo/divinesense/internal/profile/profile.go:57.42,59.3 1 0
github.com/hrygo/divinesense/internal/profile/profile.go:60.2,60.21 1 33
github.com/hrygo/divinesense/internal/profile/profile.go:65.29,68.62 1 11
github.com/hrygo/divinesense/internal/profile/profile.go:68.62,69.42 1 110
github.com/hrygo/divinesense/internal/profile/profile.go:69.42,71.4 1 0
github.com/hrygo/divinesense/internal/profile/profile.go:72.3,72.30 1 110
github.com/hrygo/divinesense/internal/profile/profile.go:76.2,76.75 1 11
github.com/hrygo/divinesense/internal/profile/profile.go:76.75,77.42 1 99
github.com/hrygo/divinesense/internal/profile/profile.go:77.42,79.4 1 0
github.com/hrygo/divinesense/internal/profile/profile.go:80.3,80.45 1 99
github.com/hrygo/divinesense/internal/profile/profile.go:80.45,82.4 1 6
github.com/hrygo/divinesense/internal/profile/profile.go:83.3,83.22 1 93
github.com/hrygo/divinesense/internal/profile/profile.go:87.2,87.64 1 11
github.com/hrygo/divinesense/internal/profile/profile.go:87.64,89.3 1 33
github.com/hrygo/divinesense/internal/profile/profile.go:91.2,111.146 19 11
github.com/hrygo/divinesense/internal/profile/profile.go:114.51,116.30 1 0
github.com/hrygo/divinesense/internal/profile/profile.go:116.30,119.17 3 0
github.com/hrygo/divinesense/internal/profile/profile.go:119.17,121.4 1 0
github.com/hrygo/divinesense/internal/profile/profile.go:122.3,122.19 1 0
github.com/hrygo/divinesense/internal/profile/profile.go:126.2,127.44 2 0
github.com/hrygo/divinesense/internal/profile/profile.go:127.44,129.3 1 0
github.com/hrygo/divinesense/internal/profile/profile.go:130.2,130.21 1 0
github.com/hrygo/divinesense/internal/profile/profile.go:133.36,134.61 1 0
github.com/hrygo/divinesense/internal/profile/profile.go:134.61,136.3 1 0
github.com/hrygo/divinesense/internal/profile/profile.go:138.2,138.38 1 0
github.com/hrygo/divinesense/internal/profile/profile.go:138.38,139.32 1 0
github.com/hrygo/divinesense/internal/profile/profile.go:139.32,141.53 2 0
github.com/hrygo/divinesense/internal/profile/profile.go:141.53,142.53 1 0
github.com/hrygo/divinesense/internal/profile/profile.go:142.53,145.6 2 0
github.com/hrygo/divinesense/internal/profile/profile.go:147.9,149.4 1 0
github.com/hrygo/divinesense/internal/profile/profile.go:152.2,153.16 2 0
github.com/hrygo/divinesense/internal/profile/profile.go:153.16,156.3 2 0
github.com/hrygo/divinesense/internal/profile/profile.go:158.2,159.41 2 0
github.com/hrygo/divinesense/internal/profile/profile.go:159.41,162.3 2 0
github.com/hrygo/divinesense/internal/profile/profile.go:164.2,164.12 1 0
github.com/hrygo/divinesense/internal/util/util.go:14.54,16.16 2 0
github.com/hrygo/divinesense/internal/util/util.go:16.16,18.3 1 0
github.com/hrygo/divinesense/internal/util/util.go:19.2,19.27 1 0
github.com/hrygo/divinesense/internal/util/util.go:23.55,24.34 1 0
github.com/hrygo/divinesense/internal/util/util.go:24.34,25.37 1 0
github.com/hrygo/divinesense/internal/util/util.go:25.37,27.4 1 0
github.com/hrygo/divinesense/internal/util/util.go:29.2,29.14 1 0
github.com/hrygo/divinesense/internal/util/util.go:33.39,34.52 1 3
github.com/hrygo/divinesense/internal/util/util.go:34.52,36.3 1 1
github.com/hrygo/divinesense/internal/util/util.go:37.2,37.13 1 2
github.com/hrygo/divinesense/internal/util/util.go:40.23,42.2 1 0
github.com/hrygo/divinesense/internal/util/util.go:47.42,50.25 3 0
github.com/hrygo/divinesense/internal/util/util.go:50.25,55.17 2 0
github.com/hrygo/divinesense/internal/util/util.go:55.17,57.4 1 0
github.com/hrygo/divinesense/internal/util/util.go:58.3,58.68 1 0
github.com/hrygo/divinesense/internal/util/util.go:58.68,60.4 1 0
github.com/hrygo/divinesense/internal/util/util.go:62.2,62.25 1 0
github.com/hrygo/divinesense/internal/util/util.go:66.62,67.26 1 0
github.com/hrygo/divinesense/internal/util/util.go:67.26,68.15 1 0
github.com/hrygo/divinesense/internal/util/util.go:68.15,70.4 1 0
github.com/hrygo/divinesense/internal/util/util.go:72.2,72.14 1 0
github.com/hrygo/divinesense/internal/version/version.go:17.44,18.37 1 0
github.com/hrygo/divinesense/internal/version/version.go:18.37,20.3 1 0
github.com/hrygo/divinesense/internal/version/version.go:21.2,21.16 1 0
github.com/hrygo/divinesense/internal/version/version.go:27.45,29.26 2 0
github.com/hrygo/divinesense/internal/version/version.go:29.26,31.3 1 0
github.com/hrygo/divinesense/internal/version/version.go:33.2,33.46 1 0
github.com/hrygo/divinesense/internal/version/version.go:37.63,39.2 1 3
github.com/hrygo/divinesense/internal/version/version.go:42.56,44.2 1 6
github.com/hrygo/divinesense/internal/version/version.go:48.32,50.2 1 2
github.com/hrygo/divinesense/internal/version/version.go:52.37,54.2 1 7
github.com/hrygo/divinesense/internal/version/version.go:56.42,60.2 3 9
